2026-03-16 18:45:30,793 - main - WARNING - Attack mode: recomputing POIs for this run. If secrets are unavailable, correlation POI search will fall back to variance-based POIs.
2026-03-16 18:45:30,793 - main - INFO - ==================================================
2026-03-16 18:45:30,793 - main - INFO -    SCA PIPELINE (LEGACY-RESTORE) | Mode: attack
2026-03-16 18:45:30,793 - main - INFO - ==================================================
2026-03-16 18:45:32,008 - main - INFO - [STEP 1] Attack mode: Using existing processed features...
2026-03-16 18:45:32,008 - main - INFO - [STEP 3] Running 3DES Attack (Target: session)...
2026-03-16 18:45:39,872 - main - ERROR - 3DES Attack Failed: operands could not be broadcast together with shapes (10000,38) (1500,) 
2026-03-16 18:45:39,874 - main - INFO - [STEP 4] Attacking RSA components...
2026-03-16 18:45:39,891 - inference_rsa - INFO - Attacking RSA_CRT_P...
2026-03-16 18:45:39,903 - inference_rsa - INFO - Loaded 1000 traces for RSA attack on RSA_CRT_P
2026-03-16 18:45:39,903 - inference_rsa - INFO - Using 3 models for RSA_CRT_P inference.
2026-03-16 18:45:43,162 - inference_rsa - INFO - Starting ensemble inference with batch size 512...
2026-03-16 18:45:43,725 - inference_rsa - INFO - RSA ensemble attack complete for RSA_CRT_P
2026-03-16 18:45:43,725 - inference_rsa - INFO - Sample prediction (first 60 chars): F824ECAFB6C399C804E97C3F0577360F4DB2B35FD686AF75DA8F7356E446
2026-03-16 18:45:43,732 - inference_rsa - INFO - Attacking RSA_CRT_Q...
2026-03-16 18:45:43,736 - inference_rsa - INFO - Loaded 1000 traces for RSA attack on RSA_CRT_Q
2026-03-16 18:45:43,736 - inference_rsa - INFO - Using 3 models for RSA_CRT_Q inference.
2026-03-16 18:45:57,756 - inference_rsa - INFO - Starting ensemble inference with batch size 512...
2026-03-16 18:45:58,009 - inference_rsa - INFO - RSA ensemble attack complete for RSA_CRT_Q
2026-03-16 18:45:58,010 - inference_rsa - INFO - Sample prediction (first 60 chars): C974487571EB48AC96D1222AAF743FB28D617E757A1A99A3C0FAC5793523
2026-03-16 18:45:58,015 - inference_rsa - INFO - Attacking RSA_CRT_DP...
2026-03-16 18:45:58,020 - inference_rsa - INFO - Loaded 1000 traces for RSA attack on RSA_CRT_DP
2026-03-16 18:45:58,021 - inference_rsa - INFO - Using 3 models for RSA_CRT_DP inference.
2026-03-16 18:46:12,916 - inference_rsa - INFO - Starting ensemble inference with batch size 512...
2026-03-16 18:46:13,173 - inference_rsa - INFO - RSA ensemble attack complete for RSA_CRT_DP
2026-03-16 18:46:13,173 - inference_rsa - INFO - Sample prediction (first 60 chars): A56DF31FCF2D1130034652D4AE4F795F8921CCEA8F0474F93C5FA239ED84
2026-03-16 18:46:13,179 - inference_rsa - INFO - Attacking RSA_CRT_DQ...
2026-03-16 18:46:13,185 - inference_rsa - INFO - Loaded 1000 traces for RSA attack on RSA_CRT_DQ
2026-03-16 18:46:13,185 - inference_rsa - INFO - Using 3 models for RSA_CRT_DQ inference.
2026-03-16 18:46:28,947 - inference_rsa - INFO - Starting ensemble inference with batch size 512...
2026-03-16 18:46:29,214 - inference_rsa - INFO - RSA ensemble attack complete for RSA_CRT_DQ
2026-03-16 18:46:29,214 - inference_rsa - INFO - Sample prediction (first 60 chars): 864D85A3A14785C8648B6C1C74F82A7708EBA9A3A6BC666D2B51D8FB78C2
2026-03-16 18:46:29,219 - inference_rsa - INFO - Attacking RSA_CRT_QINV...
2026-03-16 18:46:29,226 - inference_rsa - INFO - Loaded 1000 traces for RSA attack on RSA_CRT_QINV
2026-03-16 18:46:29,226 - inference_rsa - INFO - Using 3 models for RSA_CRT_QINV inference.
2026-03-16 18:46:42,962 - inference_rsa - INFO - Starting ensemble inference with batch size 512...
2026-03-16 18:46:43,215 - inference_rsa - INFO - RSA ensemble attack complete for RSA_CRT_QINV
2026-03-16 18:46:43,215 - inference_rsa - INFO - Sample prediction (first 60 chars): 55FC824EF4466D5C0FAE99FE250633410E762A8402F6CF6F0C71CACCC9D1
2026-03-16 18:46:43,221 - inference_rsa - INFO - Verifying RSA consistency via rsatool logic...
2026-03-16 18:46:43,245 - pin_extraction - INFO - Extracting PIN using RSA key components...
2026-03-16 18:46:43,300 - pin_extraction - WARNING - No valid PIN block found in I/O traces for RSA.
2026-03-16 18:46:43,300 - main - INFO - [STEP 5] Generating Reports (CSV/XLSX)...
2026-03-16 18:46:43,326 - main - INFO - Generating unified report: 10000 3DES traces, 1000 RSA traces, combining 1000
2026-03-16 18:46:44,242 - main - INFO - Pipeline Complete. Generated unified report with 1000 rows (both 3DES + RSA)
2026-03-16 18:57:59,886 - main - WARNING - Attack mode: recomputing POIs for this run. If secrets are unavailable, correlation POI search will fall back to variance-based POIs.
2026-03-16 18:57:59,886 - main - INFO - ==================================================
2026-03-16 18:57:59,886 - main - INFO -    SCA PIPELINE (LEGACY-RESTORE) | Mode: attack
2026-03-16 18:57:59,886 - main - INFO - ==================================================
2026-03-16 18:58:00,844 - main - INFO - [STEP 1] Attack mode: Using existing processed features...
2026-03-16 18:58:00,844 - main - INFO - [STEP 3] Running 3DES Attack (Target: session)...
2026-03-16 19:03:32,134 - main - WARNING - Attack mode: recomputing POIs for this run. If secrets are unavailable, correlation POI search will fall back to variance-based POIs.
2026-03-16 19:03:32,134 - main - INFO - ==================================================
2026-03-16 19:03:32,134 - main - INFO -    SCA PIPELINE (LEGACY-RESTORE) | Mode: attack
2026-03-16 19:03:32,134 - main - INFO - ==================================================
2026-03-16 19:03:34,502 - main - INFO - [STEP 1] Attack mode: Using existing processed features...
2026-03-16 19:03:34,502 - main - INFO - [STEP 3] Running 3DES Attack (Target: session)...
2026-03-16 19:06:14,362 - main - INFO - Recovered 3DES keys (pure ML): ['3DES_KENC', '3DES_KMAC', '3DES_KDEK']
2026-03-16 19:06:14,362 - main - INFO - [STEP 4] Attacking RSA components...
2026-03-16 19:06:14,387 - inference_rsa - INFO - Attacking RSA_CRT_P...
2026-03-16 19:06:14,396 - inference_rsa - INFO - Loaded 1000 traces for RSA attack on RSA_CRT_P
2026-03-16 19:06:14,397 - inference_rsa - INFO - Using 3 models for RSA_CRT_P inference.
2026-03-16 19:06:18,032 - inference_rsa - INFO - Starting ensemble inference with batch size 512...
2026-03-16 19:06:18,351 - inference_rsa - INFO - RSA ensemble attack complete for RSA_CRT_P
2026-03-16 19:06:18,351 - inference_rsa - INFO - Sample prediction (first 60 chars): F824ECAFB6C399C804E97C3F0577360F4DB2B35FD686AF75DA8F7356E446
2026-03-16 19:06:18,356 - inference_rsa - INFO - Attacking RSA_CRT_Q...
2026-03-16 19:06:18,362 - inference_rsa - INFO - Loaded 1000 traces for RSA attack on RSA_CRT_Q
2026-03-16 19:06:18,362 - inference_rsa - INFO - Using 3 models for RSA_CRT_Q inference.
2026-03-16 19:06:21,378 - inference_rsa - INFO - Starting ensemble inference with batch size 512...
2026-03-16 19:06:21,627 - inference_rsa - INFO - RSA ensemble attack complete for RSA_CRT_Q
2026-03-16 19:06:21,627 - inference_rsa - INFO - Sample prediction (first 60 chars): C974487571EB48AC96D1222AAF743FB28D617E757A1A99A3C0FAC5793523
2026-03-16 19:06:21,632 - inference_rsa - INFO - Attacking RSA_CRT_DP...
2026-03-16 19:06:21,638 - inference_rsa - INFO - Loaded 1000 traces for RSA attack on RSA_CRT_DP
2026-03-16 19:06:21,638 - inference_rsa - INFO - Using 3 models for RSA_CRT_DP inference.
2026-03-16 19:06:24,714 - inference_rsa - INFO - Starting ensemble inference with batch size 512...
2026-03-16 19:06:24,978 - inference_rsa - INFO - RSA ensemble attack complete for RSA_CRT_DP
2026-03-16 19:06:24,979 - inference_rsa - INFO - Sample prediction (first 60 chars): A56DF31FCF2D1130034652D4AE4F795F8921CCEA8F0474F93C5FA239ED84
2026-03-16 19:06:24,983 - inference_rsa - INFO - Attacking RSA_CRT_DQ...
2026-03-16 19:06:24,990 - inference_rsa - INFO - Loaded 1000 traces for RSA attack on RSA_CRT_DQ
2026-03-16 19:06:24,991 - inference_rsa - INFO - Using 3 models for RSA_CRT_DQ inference.
2026-03-16 19:06:28,080 - inference_rsa - INFO - Starting ensemble inference with batch size 512...
2026-03-16 19:06:28,321 - inference_rsa - INFO - RSA ensemble attack complete for RSA_CRT_DQ
2026-03-16 19:06:28,321 - inference_rsa - INFO - Sample prediction (first 60 chars): 864D85A3A14785C8648B6C1C74F82A7708EBA9A3A6BC666D2B51D8FB78C2
2026-03-16 19:06:28,327 - inference_rsa - INFO - Attacking RSA_CRT_QINV...
2026-03-16 19:06:28,332 - inference_rsa - INFO - Loaded 1000 traces for RSA attack on RSA_CRT_QINV
2026-03-16 19:06:28,332 - inference_rsa - INFO - Using 3 models for RSA_CRT_QINV inference.
2026-03-16 19:06:31,706 - inference_rsa - INFO - Starting ensemble inference with batch size 512...
2026-03-16 19:06:32,002 - inference_rsa - INFO - RSA ensemble attack complete for RSA_CRT_QINV
2026-03-16 19:06:32,002 - inference_rsa - INFO - Sample prediction (first 60 chars): 55FC824EF4466D5C0FAE99FE250633410E762A8402F6CF6F0C71CACCC9D1
2026-03-16 19:06:32,009 - inference_rsa - INFO - Verifying RSA consistency via rsatool logic...
2026-03-16 19:06:32,022 - pin_extraction - INFO - Extracting PIN using RSA key components...
2026-03-16 19:06:32,085 - pin_extraction - WARNING - No valid PIN block found in I/O traces for RSA.
2026-03-16 19:06:32,086 - main - INFO - [STEP 5] Generating Reports (CSV/XLSX)...
2026-03-16 19:06:32,117 - main - INFO - Generating unified report: 10000 3DES traces, 1000 RSA traces, combining 1000
2026-03-16 19:06:33,106 - main - INFO - Pipeline Complete. Generated unified report with 1000 rows (both 3DES + RSA)
